{"C:\\workspace\\apple\\RestApi-Fastify\\src\\integration\\ticketmaster\\index.ts": {"path":"C:\\workspace\\apple\\RestApi-Fastify\\src\\integration\\ticketmaster\\index.ts","statementMap":{"0":{"start":{"line":1,"column":0},"end":{"line":1,"column":45}},"1":{"start":{"line":8,"column":8},"end":{"line":8,"column":29}},"2":{"start":{"line":9,"column":8},"end":{"line":9,"column":68}},"3":{"start":{"line":13,"column":20},"end":{"line":13,"column":107}},"4":{"start":{"line":14,"column":8},"end":{"line":14,"column":30}},"5":{"start":{"line":18,"column":20},"end":{"line":18,"column":120}},"6":{"start":{"line":19,"column":8},"end":{"line":19,"column":30}},"7":{"start":{"line":23,"column":20},"end":{"line":23,"column":105}},"8":{"start":{"line":24,"column":8},"end":{"line":24,"column":30}},"9":{"start":{"line":28,"column":29},"end":{"line":28,"column":42}},"10":{"start":{"line":29,"column":20},"end":{"line":29,"column":114}},"11":{"start":{"line":30,"column":8},"end":{"line":30,"column":30}},"12":{"start":{"line":3,"column":0},"end":{"line":3,"column":13}}},"fnMap":{"0":{"name":"(anonymous_8)","decl":{"start":{"line":7,"column":4},"end":{"line":7,"column":16}},"loc":{"start":{"line":7,"column":30},"end":{"line":10,"column":5}}},"1":{"name":"(anonymous_9)","decl":{"start":{"line":12,"column":10},"end":{"line":12,"column":24}},"loc":{"start":{"line":12,"column":39},"end":{"line":15,"column":null}}},"2":{"name":"(anonymous_11)","decl":{"start":{"line":17,"column":10},"end":{"line":17,"column":31}},"loc":{"start":{"line":17,"column":47},"end":{"line":20,"column":null}}},"3":{"name":"(anonymous_13)","decl":{"start":{"line":22,"column":10},"end":{"line":22,"column":31}},"loc":{"start":{"line":22,"column":31},"end":{"line":25,"column":null}}},"4":{"name":"(anonymous_15)","decl":{"start":{"line":27,"column":10},"end":{"line":27,"column":35}},"loc":{"start":{"line":27,"column":35},"end":{"line":31,"column":null}}}},"branchMap":{},"s":{"0":1,"1":1,"2":1,"3":1,"4":1,"5":1,"6":1,"7":1,"8":1,"9":1,"10":1,"11":1,"12":1},"f":{"0":1,"1":1,"2":1,"3":1,"4":1},"b":{}}
,"C:\\workspace\\apple\\RestApi-Fastify\\src\\services\\events\\index.ts": {"path":"C:\\workspace\\apple\\RestApi-Fastify\\src\\services\\events\\index.ts","statementMap":{"0":{"start":{"line":1,"column":0},"end":{"line":1,"column":65}},"1":{"start":{"line":2,"column":0},"end":{"line":2,"column":25}},"2":{"start":{"line":3,"column":0},"end":{"line":3,"column":13}},"3":{"start":{"line":6,"column":4},"end":{"line":17,"column":null}},"4":{"start":{"line":7,"column":23},"end":{"line":7,"column":69}},"5":{"start":{"line":8,"column":32},"end":{"line":8,"column":59}},"6":{"start":{"line":11,"column":34},"end":{"line":11,"column":79}},"7":{"start":{"line":13,"column":8},"end":{"line":13,"column":null}},"8":{"start":{"line":14,"column":8},"end":{"line":14,"column":55}},"9":{"start":{"line":16,"column":8},"end":{"line":16,"column":null}},"10":{"start":{"line":5,"column":0},"end":{"line":5,"column":22}}},"fnMap":{"0":{"name":"getEvents","decl":{"start":{"line":5,"column":22},"end":{"line":5,"column":31}},"loc":{"start":{"line":5,"column":46},"end":{"line":18,"column":null}}}},"branchMap":{"0":{"loc":{"start":{"line":7,"column":23},"end":{"line":7,"column":69}},"type":"cond-expr","locations":[{"start":{"line":7,"column":51},"end":{"line":7,"column":54}},{"start":{"line":7,"column":54},"end":{"line":7,"column":69}}]},"1":{"loc":{"start":{"line":7,"column":23},"end":{"line":7,"column":54}},"type":"binary-expr","locations":[{"start":{"line":7,"column":23},"end":{"line":7,"column":54}},{"start":{"line":7,"column":51},"end":{"line":7,"column":54}}]}},"s":{"0":1,"1":1,"2":1,"3":2,"4":2,"5":2,"6":2,"7":1,"8":1,"9":1,"10":1},"f":{"0":2},"b":{"0":[2,0],"1":[2,2]}}
,"C:\\workspace\\apple\\RestApi-Fastify\\src\\services\\product\\index.ts": {"path":"C:\\workspace\\apple\\RestApi-Fastify\\src\\services\\product\\index.ts","statementMap":{"0":{"start":{"line":1,"column":0},"end":{"line":1,"column":40}},"1":{"start":{"line":5,"column":1},"end":{"line":7,"column":4}},"2":{"start":{"line":4,"column":0},"end":{"line":4,"column":22}},"3":{"start":{"line":11,"column":1},"end":{"line":26,"column":4}},"4":{"start":{"line":10,"column":0},"end":{"line":10,"column":16}}},"fnMap":{"0":{"name":"createProduct","decl":{"start":{"line":4,"column":22},"end":{"line":4,"column":35}},"loc":{"start":{"line":4,"column":67},"end":{"line":8,"column":null}}},"1":{"name":"getProducts","decl":{"start":{"line":10,"column":16},"end":{"line":10,"column":27}},"loc":{"start":{"line":10,"column":27},"end":{"line":27,"column":1}}}},"branchMap":{},"s":{"0":1,"1":1,"2":1,"3":1,"4":1},"f":{"0":1,"1":1},"b":{}}
,"C:\\workspace\\apple\\RestApi-Fastify\\src\\services\\user\\index.ts": {"path":"C:\\workspace\\apple\\RestApi-Fastify\\src\\services\\user\\index.ts","statementMap":{"0":{"start":{"line":1,"column":0},"end":{"line":1,"column":48}},"1":{"start":{"line":2,"column":0},"end":{"line":2,"column":40}},"2":{"start":{"line":6,"column":34},"end":{"line":6,"column":39}},"3":{"start":{"line":6,"column":29},"end":{"line":6,"column":34}},"4":{"start":{"line":8,"column":27},"end":{"line":8,"column":49}},"5":{"start":{"line":10,"column":17},"end":{"line":12,"column":6}},"6":{"start":{"line":14,"column":4},"end":{"line":14,"column":16}},"7":{"start":{"line":5,"column":0},"end":{"line":5,"column":22}},"8":{"start":{"line":18,"column":1},"end":{"line":22,"column":4}},"9":{"start":{"line":17,"column":0},"end":{"line":17,"column":22}},"10":{"start":{"line":26,"column":1},"end":{"line":32,"column":4}},"11":{"start":{"line":25,"column":0},"end":{"line":25,"column":22}}},"fnMap":{"0":{"name":"createUser","decl":{"start":{"line":5,"column":22},"end":{"line":5,"column":32}},"loc":{"start":{"line":5,"column":43},"end":{"line":15,"column":null}}},"1":{"name":"findUserByEmail","decl":{"start":{"line":17,"column":22},"end":{"line":17,"column":37}},"loc":{"start":{"line":17,"column":51},"end":{"line":23,"column":null}}},"2":{"name":"findUsers","decl":{"start":{"line":25,"column":22},"end":{"line":25,"column":31}},"loc":{"start":{"line":25,"column":31},"end":{"line":33,"column":null}}}},"branchMap":{},"s":{"0":1,"1":1,"2":1,"3":1,"4":1,"5":1,"6":1,"7":1,"8":1,"9":1,"10":1,"11":1},"f":{"0":1,"1":1,"2":1},"b":{}}
}
