TN:
SF:src\integration\ticketmaster\index.ts
FN:7,(anonymous_8)
FN:12,(anonymous_9)
FN:17,(anonymous_11)
FN:22,(anonymous_13)
FN:27,(anonymous_15)
FNF:5
FNH:5
FNDA:1,(anonymous_8)
FNDA:1,(anonymous_9)
FNDA:1,(anonymous_11)
FNDA:1,(anonymous_13)
FNDA:1,(anonymous_15)
DA:1,2
DA:3,2
DA:8,1
DA:9,1
DA:13,1
DA:14,1
DA:18,1
DA:19,1
DA:23,1
DA:24,1
DA:28,1
DA:29,1
DA:30,1
LF:13
LH:13
BRF:0
BRH:0
end_of_record
TN:
SF:src\services\events\index.ts
FN:10,getEvents
FNF:1
FNH:1
FNDA:2,getEvents
DA:1,1
DA:2,1
DA:3,1
DA:4,1
DA:6,1
DA:8,1
DA:10,1
DA:13,2
DA:14,2
DA:15,2
DA:17,2
DA:19,2
DA:20,0
DA:23,2
DA:24,2
DA:26,0
DA:28,2
LF:17
LH:15
BRDA:14,0,0,2
BRDA:14,0,1,0
BRDA:14,1,0,2
BRDA:14,1,1,2
BRDA:19,2,0,0
BRF:5
BRH:3
end_of_record
TN:
SF:src\services\product\index.ts
FN:3,createProduct
FN:9,getProducts
FNF:2
FNH:2
FNDA:1,createProduct
FNDA:1,getProducts
DA:1,1
DA:3,1
DA:4,1
DA:9,1
DA:10,1
LF:5
LH:5
BRF:0
BRH:0
end_of_record
TN:
SF:src\services\user\index.ts
FN:4,createUser
FN:16,findUserByEmail
FN:24,findUsers
FNF:3
FNH:3
FNDA:1,createUser
FNDA:1,findUserByEmail
FNDA:1,findUsers
DA:1,1
DA:2,1
DA:4,1
DA:5,1
DA:7,1
DA:9,1
DA:13,1
DA:16,1
DA:17,1
DA:24,1
DA:25,1
LF:11
LH:11
BRF:0
BRH:0
end_of_record
